\BOOKMARK [1][-]{section*.1}{Abstract}{}% 1
\BOOKMARK [1][-]{toc.1}{Table\040of\040Contents}{}% 2
\BOOKMARK [1][-]{section*.2}{List\040of\040Figures}{}% 3
\BOOKMARK [1][-]{section*.3}{List\040of\040Tables}{}% 4
\BOOKMARK [1][-]{section*.4}{List\040of\040Symbols}{}% 5
\BOOKMARK [1][-]{section*.5}{List\040of\040Abbreviations}{}% 6
\BOOKMARK [1][-]{section*.6}{Acknowledgments}{}% 7
\BOOKMARK [1][-]{section*.7}{Dedication}{}% 8
\BOOKMARK [1][-]{section*.8}{In\040the\040Beginning}{}% 9
\BOOKMARK [2][-]{subsection.1.1}{A\040Subsection}{section*.8}% 10
\BOOKMARK [2][-]{subsection.1.2}{AA\040Subsection}{section*.8}% 11
\BOOKMARK [3][-]{subsubsection.1.2.1}{Transport\040of\040U\040Through\040Porous\040Media:\040General\040Elution\040Procedures}{subsection.1.2}% 12
\BOOKMARK [3][-]{subsubsection.1.2.2}{aa\040Subsection}{subsection.1.2}% 13
\BOOKMARK [2][-]{subsection.1.3}{AAA\040Subsection}{section*.8}% 14
\BOOKMARK [2][-]{subsection.1.4}{AAAA\040Subsection}{section*.8}% 15
\BOOKMARK [1][-]{section*.10}{Subdocument\040Test}{}% 16
\BOOKMARK [1][-]{section*.11}{Second\040Generation\040Chapter}{}% 17
\BOOKMARK [2][-]{subsection.3.1}{Lots\040of\040Mistakes\040Originally}{section*.11}% 18
\BOOKMARK [2][-]{subsection.3.2}{Figured\040out\040How\040to\040Fix\040Things}{section*.11}% 19
\BOOKMARK [2][-]{subsection.3.3}{Could\040Still\040Be\040Better}{section*.11}% 20
\BOOKMARK [2][-]{subsection.3.4}{Testing\040Procedure}{section*.11}% 21
\BOOKMARK [2][-]{subsection.3.5}{Final\040Results}{section*.11}% 22
\BOOKMARK [1][-]{section*.14}{The\040Way\040Ahead}{}% 23
\BOOKMARK [2][-]{subsection.4.1}{How\040Things\040Could\040Be\040Better}{section*.14}% 24
\BOOKMARK [2][-]{subsection.4.2}{Why\040We\040Think\040Things\040Aren't\040Better}{section*.14}% 25
\BOOKMARK [2][-]{subsection.4.3}{We\040Love\040Our\040Advisors}{section*.14}% 26
\BOOKMARK [1][-]{section*.16}{Magical\040Encoding\040Awesomeness}{}% 27
\BOOKMARK [2][-]{subsection.A.1}{Test\040Appendix\040Sub-Section}{section*.16}% 28
\BOOKMARK [2][-]{subsection.A.2}{Sub-Sections\040are\040Fun}{section*.16}% 29
\BOOKMARK [1][-]{section*.18}{Special\040Coolness}{}% 30
