This is XeTeX, Version 3.1415926-2.4-0.9998 (TeX Live 2012) (format=xelatex 2012.6.30)  20 MAR 2014 23:52
entering extended mode
 restricted \write18 enabled.
 file:line:error style messages enabled.
 %&-line parsing enabled.
**MainThesis.tex
(./MainThesis.tex
LaTeX2e <2011/06/27>
Babel <v3.8m> and hyphenation patterns for english, dumylang, nohyphenation, ge
rman-x-2012-05-30, ngerman-x-2012-05-30, afrikaans, ancientgreek, ibycus, arabi
c, armenian, basque, bulgarian, catalan, pinyin, coptic, croatian, czech, danis
h, dutch, ukenglish, usenglishmax, esperanto, estonian, ethiopic, farsi, finnis
h, french, friulan, galician, german, ngerman, swissgerman, monogreek, greek, h
ungarian, icelandic, assamese, bengali, gujarati, hindi, kannada, malayalam, ma
rathi, oriya, panjabi, tamil, telugu, indonesian, interlingua, irish, italian, 
kurmanji, latin, latvian, lithuanian, mongolian, mongolianlmc, bokmal, nynorsk,
 polish, portuguese, romanian, romansh, russian, sanskrit, serbian, serbianc, s
lovak, slovenian, spanish, swedish, turkish, turkmen, ukrainian, uppersorbian, 
welsh, loaded.
(/usr/local/texlive/2012/texmf-dist/tex/latex/base/article.cls
Document Class: article 2007/10/19 v1.4h Standard LaTeX document class
(/usr/local/texlive/2012/texmf-dist/tex/latex/base/size12.clo
File: size12.clo 2007/10/19 v1.4h Standard LaTeX file (size option)
)
\c@part=\count80
\c@section=\count81
\c@subsection=\count82
\c@subsubsection=\count83
\c@paragraph=\count84
\c@subparagraph=\count85
\c@figure=\count86
\c@table=\count87
\abovecaptionskip=\skip41
\belowcaptionskip=\skip42
\bibindent=\dimen102
)
(./csm-thesis.sty
Package: csm-thesis 2011/11/12 v1.0 .dtx csm-thesis file
 (./csm-thesis-sanity.sty) (./csm-thesis-environments.sty
\c@csm@abstract@words=\count88
\c@csm@longtable@pages=\count89
\c@csm@longtable@startpage=\count90
\c@csm@last@longtable@count=\count91
\temp@output@box=\box26
\csm@temp@header=\box27
\c@csm@sideways@depth=\count92
)
(./csm-thesis-title.sty
(/usr/local/texlive/2012/texmf-dist/tex/latex/textcase/textcase.sty
Package: textcase 2004/10/07 v0.07 Text only upper/lower case changing (DPC)
)
\temp@box=\box28
\temp@trapezoid@box=\box29
\best@trapezoid@box=\box30
\last@trapezoid@box=\box31
\c@trap@push@temp=\count93
\temp@trapezoid@text=\toks14
\@tempwidth=\dimen103
\trapezoid@width@value=\dimen104
\trapezoid@new@width=\dimen105
\temp@line@width=\dimen106
\temp@line@height=\dimen107
\test@line@width=\dimen108
\c@trap@push@lineone=\count94
\c@titlewidth@lines=\count95
\c@titlewidth@cnt=\count96
\@titlewidth@max=\skip43
\@titlewidth@diff=\skip44
\@titlewidth@flex=\skip45
\@titlewidth=\skip46
\temp@pdftitle@text=\toks15
)
(./csm-thesis-lists.sty
\c@csm@list@i=\count97
\c@csm@list@j=\count98
\c@csm@list@k=\count99
\c@csm@list@length=\count100
\c@csm@list@strlen=\count101
\c@csm@list@strlenA=\count102
\c@csm@list@strlenB=\count103
\c@csm@list@findchar=\count104
\c@csm@list@findchar@i=\count105
\c@csm@list@char@A=\count106
\c@csm@list@char@B=\count107
\c@csm@list@char@temp=\count108
\c@csm@list@tempA=\count109
\c@csm@list@tempB=\count110
\temp@stripspace@text=\toks16
\c@csm@tocentry@count=\count111
\c@csm@num@tables=\count112
\c@csm@num@figures=\count113
\csm@temp@list@boxA=\box32
\csm@temp@list@boxB=\box33
\l@chapter@indent=\skip47
\l@appendix@indent=\skip48
\csm@contentsline@findkeylength@boxA=\box34
\csm@contentsline@findkeylength@boxB=\box35
\csm@contentsline@findkeylength@length=\skip49
) (./csm-thesis-sections.sty
\c@csmsectionline=\count114
\csm@temp@box=\box36
\c@appendix=\count115
\c@csm@redefined@appendix=\count116
\csm@redefined@appendix@saved=\count117
)
\c@csmpage=\count118
\c@truepage=\count119
\c@emptypage=\count120

(/usr/local/texlive/2012/texmf-dist/tex/latex/geometry/geometry.sty
Package: geometry 2010/09/12 v5.6 Page Geometry

(/usr/local/texlive/2012/texmf-dist/tex/latex/graphics/keyval.sty
Package: keyval 1999/03/16 v1.13 key=value parser (DPC)
\KV@toks@=\toks17
)
(/usr/local/texlive/2012/texmf-dist/tex/generic/oberdiek/ifpdf.sty
Package: ifpdf 2011/01/30 v2.3 Provides the ifpdf switch (HO)
Package ifpdf Info: pdfTeX in PDF mode is not detected.
)
(/usr/local/texlive/2012/texmf-dist/tex/generic/oberdiek/ifvtex.sty
Package: ifvtex 2010/03/01 v1.5 Detect VTeX and its facilities (HO)
Package ifvtex Info: VTeX not detected.
)
(/usr/local/texlive/2012/texmf-dist/tex/generic/ifxetex/ifxetex.sty
Package: ifxetex 2010/09/12 v0.6 Provides ifxetex conditional
)
\Gm@cnth=\count121
\Gm@cntv=\count122
\c@Gm@tempcnt=\count123
\Gm@bindingoffset=\dimen109
\Gm@wd@mp=\dimen110
\Gm@odd@mp=\dimen111
\Gm@even@mp=\dimen112
\Gm@layoutwidth=\dimen113
\Gm@layoutheight=\dimen114
\Gm@layouthoffset=\dimen115
\Gm@layoutvoffset=\dimen116
\Gm@dimlist=\toks18
)
(/usr/local/texlive/2012/texmf-dist/tex/latex/setspace/setspace.sty
Package: setspace 2011/12/19 v6.7a set line spacing
)
\csm@titletext=\box37
\csm@saved@contents=\toks19
\c@csm@figure@heredefinitely=\count124

(/usr/local/texlive/2012/texmf-dist/tex/latex/float/float.sty
Package: float 2001/11/08 v1.3d Float enhancements (AL)
\c@float@type=\count125
\float@exts=\toks20
\float@box=\box38
\@float@everytoks=\toks21
\@floatcapt=\box39
)
(/usr/local/texlive/2012/texmf-dist/tex/latex/graphics/graphics.sty
Package: graphics 2009/02/05 v1.0o Standard LaTeX Graphics (DPC,SPQR)

(/usr/local/texlive/2012/texmf-dist/tex/latex/graphics/trig.sty
Package: trig 1999/03/16 v1.09 sin cos tan (DPC)
)
(/usr/local/texlive/2012/texmf-dist/tex/latex/latexconfig/graphics.cfg
File: graphics.cfg 2010/04/23 v1.9 graphics configuration of TeX Live
)
Package graphics Info: Driver file: xetex.def on input line 91.

(/usr/local/texlive/2012/texmf-dist/tex/xelatex/xetex-def/xetex.def
File: xetex.def 2009/11/22 v0.94 LaTeX color/graphics driver for XeTeX (RRM/JK)

))
\csm@table@indent=\skip50
\c@csm@label@j=\count126
\c@csm@label@k=\count127
\c@csm@label@count=\count128

(/usr/local/texlive/2012/texmf-dist/tex/latex/footmisc/footmisc.sty
Package: footmisc 2011/06/06 v5.5b a miscellany of footnote facilities
\FN@temptoken=\toks22
\footnotemargin=\dimen117
\c@pp@next@reset=\count129
Package footmisc Info: Declaring symbol style bringhurst on input line 855.
Package footmisc Info: Declaring symbol style chicago on input line 863.
Package footmisc Info: Declaring symbol style wiley on input line 872.
Package footmisc Info: Declaring symbol style lamport-robust on input line 883.

Package footmisc Info: Declaring symbol style lamport* on input line 903.
Package footmisc Info: Declaring symbol style lamport*-robust on input line 924
.
)
\c@csm@symbol@symbolnote=\count130
\c@csm@symbol@numberednote=\count131

(./csm-thesis-compat.sty
\c@csm@multibib@job=\count132
)
(/usr/local/texlive/2012/texmf-dist/tex/latex/url/url.sty
\Urlmuskip=\muskip10
Package: url 2006/04/12  ver 3.3  Verb mode for urls, etc.
)
(./csm-thesis-encoding.sty
\c@csm@encoding@count=\count133
))
(/usr/local/texlive/2012/texmf-dist/tex/latex/tools/array.sty
Package: array 2008/09/09 v2.4c Tabular extension package (FMi)
\col@sep=\dimen118
\extrarowheight=\dimen119
\NC@list=\toks23
\extratabsurround=\skip51
\backup@length=\skip52
)
(/usr/local/texlive/2012/texmf-dist/tex/latex/tools/longtable.sty
Package: longtable 2004/02/01 v4.11 Multi-page Table package (DPC)
\LTleft=\skip53
\LTright=\skip54
\LTpre=\skip55
\LTpost=\skip56
\LTchunksize=\count134
\LTcapwidth=\dimen120
\LT@head=\box40
\LT@firsthead=\box41
\LT@foot=\box42
\LT@lastfoot=\box43
\LT@cols=\count135
\LT@rows=\count136
\c@LT@tables=\count137
\c@LT@chunks=\count138
\LT@p@ftn=\toks24
)
(/usr/local/texlive/2012/texmf-dist/tex/latex/algorithmicx/algpseudocode.sty
Package: algpseudocode 

(/usr/local/texlive/2012/texmf-dist/tex/latex/base/ifthen.sty
Package: ifthen 2001/05/26 v1.1c Standard LaTeX ifthen package (DPC)
)
(/usr/local/texlive/2012/texmf-dist/tex/latex/algorithmicx/algorithmicx.sty
Package: algorithmicx 2005/04/27 v1.2 Algorithmicx

Document Style algorithmicx 1.2 - a greatly improved `algorithmic' style
\c@ALG@line=\count139
\c@ALG@rem=\count140
\c@ALG@nested=\count141
\ALG@tlm=\skip57
\ALG@thistlm=\skip58
\c@ALG@Lnr=\count142
\c@ALG@blocknr=\count143
\c@ALG@storecount=\count144
\c@ALG@tmpcounter=\count145
\ALG@tmplength=\skip59
)
Document Style - pseudocode environments for use with the `algorithmicx' style
) (/usr/local/texlive/2012/texmf-dist/tex/latex/algorithms/algorithm.sty
Invalid UTF-8 byte or sequence at line 11 replaced by U+FFFD.
Package: algorithm 2009/08/24 v0.1 Document Style `algorithm' - floating enviro
nment
\@float@every@algorithm=\toks25
\c@algorithm=\count146
)
(/usr/local/texlive/2012/texmf-dist/tex/latex/rotating/rotating.sty
Package: rotating 2009/03/28 v2.16a rotated objects in LaTeX

(/usr/local/texlive/2012/texmf-dist/tex/latex/graphics/graphicx.sty
Package: graphicx 1999/02/16 v1.0f Enhanced LaTeX Graphics (DPC,SPQR)
\Gin@req@height=\dimen121
\Gin@req@width=\dimen122
)
\c@r@tfl@t=\count147
\rotFPtop=\skip60
\rotFPbot=\skip61
\rot@float@box=\box44
\rot@mess@toks=\toks26
)
(/usr/local/texlive/2012/texmf-dist/tex/latex/natbib/natbib.sty
Package: natbib 2010/09/13 8.31b (PWD, AO)
\bibhang=\skip62
\bibsep=\skip63
LaTeX Info: Redefining \cite on input line 694.
\c@NAT@ctr=\count148
)
(/usr/local/texlive/2012/texmf-dist/tex/latex/hyperref/hyperref.sty
Package: hyperref 2012/05/13 v6.82q Hypertext links for LaTeX

(/usr/local/texlive/2012/texmf-dist/tex/generic/oberdiek/hobsub-hyperref.sty
Package: hobsub-hyperref 2012/05/28 v1.13 Bundle oberdiek, subset hyperref (HO)


(/usr/local/texlive/2012/texmf-dist/tex/generic/oberdiek/hobsub-generic.sty
Package: hobsub-generic 2012/05/28 v1.13 Bundle oberdiek, subset generic (HO)
Package: hobsub 2012/05/28 v1.13 Construct package bundles (HO)
Package: infwarerr 2010/04/08 v1.3 Providing info/warning/error messages (HO)
Package: ltxcmds 2011/11/09 v1.22 LaTeX kernel commands for general use (HO)
Package: ifluatex 2010/03/01 v1.3 Provides the ifluatex switch (HO)
Package ifluatex Info: LuaTeX not detected.
Package hobsub Info: Skipping package `ifvtex' (already loaded).
Package: intcalc 2007/09/27 v1.1 Expandable calculations with integers (HO)
Package hobsub Info: Skipping package `ifpdf' (already loaded).
Package: etexcmds 2011/02/16 v1.5 Avoid name clashes with e-TeX commands (HO)
Package etexcmds Info: Could not find \expanded.
(etexcmds)             That can mean that you are not using pdfTeX 1.50 or
(etexcmds)             that some package has redefined \expanded.
(etexcmds)             In the latter case, load this package earlier.
Package: kvsetkeys 2012/04/25 v1.16 Key value parser (HO)
Package: kvdefinekeys 2011/04/07 v1.3 Define keys (HO)
Package: pdftexcmds 2011/11/29 v0.20 Utility functions of pdfTeX for LuaTeX (HO
)
Package pdftexcmds Info: LuaTeX not detected.
Package pdftexcmds Info: pdfTeX >= 1.30 not detected.
Package pdftexcmds Info: \pdf@primitive is available.
Package pdftexcmds Info: \pdf@ifprimitive is available.
Package pdftexcmds Info: \pdfdraftmode not found.
Package: pdfescape 2011/11/25 v1.13 Implements pdfTeX's escape features (HO)
Package: bigintcalc 2012/04/08 v1.3 Expandable calculations on big integers (HO
)
Package: bitset 2011/01/30 v1.1 Handle bit-vector datatype (HO)
Package: uniquecounter 2011/01/30 v1.2 Provide unlimited unique counter (HO)
)
Package hobsub Info: Skipping package `hobsub' (already loaded).
Package: letltxmacro 2010/09/02 v1.4 Let assignment for LaTeX macros (HO)
Package: hopatch 2012/05/28 v1.2 Wrapper for package hooks (HO)
Package: xcolor-patch 2011/01/30 xcolor patch
Package: atveryend 2011/06/30 v1.8 Hooks at the very end of document (HO)
Package atveryend Info: \enddocument detected (standard20110627).
Package: atbegshi 2011/10/05 v1.16 At begin shipout hook (HO)
Package: refcount 2011/10/16 v3.4 Data extraction from label references (HO)
Package: hycolor 2011/01/30 v1.7 Color options for hyperref/bookmark (HO)
)
(/usr/local/texlive/2012/texmf-dist/tex/latex/oberdiek/kvoptions.sty
Package: kvoptions 2011/06/30 v3.11 Key value format for package options (HO)
)
\@linkdim=\dimen123
\Hy@linkcounter=\count149
\Hy@pagecounter=\count150

(/usr/local/texlive/2012/texmf-dist/tex/latex/hyperref/pd1enc.def
File: pd1enc.def 2012/05/13 v6.82q Hyperref: PDFDocEncoding definition (HO)
)
\Hy@SavedSpaceFactor=\count151

(/usr/local/texlive/2012/texmf-dist/tex/xelatex/xetexconfig/hyperref.cfg
File: hyperref.cfg 2008/07/11 v1.2 hyperref configuration for XeLaTeX
)
Package hyperref Info: Option `breaklinks' set `true' on input line 3941.
Package hyperref Info: Hyper figures OFF on input line 4062.
Package hyperref Info: Link nesting OFF on input line 4067.
Package hyperref Info: Hyper index ON on input line 4070.
Package hyperref Info: Plain pages OFF on input line 4077.
Package hyperref Info: Backreferencing OFF on input line 4082.
Package hyperref Info: Implicit mode ON; LaTeX internals redefined.
Package hyperref Info: Bookmarks ON on input line 4300.
\c@Hy@tempcnt=\count152
LaTeX Info: Redefining \url on input line 4653.
\Fld@menulength=\count153
\Field@Width=\dimen124
\Fld@charsize=\dimen125
Package hyperref Info: Hyper figures OFF on input line 5773.
Package hyperref Info: Link nesting OFF on input line 5778.
Package hyperref Info: Hyper index ON on input line 5781.
Package hyperref Info: backreferencing OFF on input line 5788.
Package hyperref Info: Link coloring OFF on input line 5793.
Package hyperref Info: Link coloring with OCG OFF on input line 5798.
Package hyperref Info: PDF/A mode OFF on input line 5803.
LaTeX Info: Redefining \ref on input line 5843.
LaTeX Info: Redefining \pageref on input line 5847.
\Hy@abspage=\count154
\c@Item=\count155
\c@Hfootnote=\count156
)

Package hyperref Message: Driver (autodetected): hxetex.

(/usr/local/texlive/2012/texmf-dist/tex/latex/hyperref/hxetex.def
File: hxetex.def 2012/05/13 v6.82q Hyperref driver for XeTeX

(/usr/local/texlive/2012/texmf-dist/tex/latex/hyperref/puenc.def
File: puenc.def 2012/05/13 v6.82q Hyperref: PDF Unicode definition (HO)
)
(/usr/local/texlive/2012/texmf-dist/tex/generic/oberdiek/stringenc.sty
Package: stringenc 2011/12/02 v1.10 Convert strings between diff. encodings (HO
)
)
\pdfm@box=\box45
\c@Hy@AnnotLevel=\count157
\HyField@AnnotCount=\count158
\Fld@listcount=\count159
\c@bookmark@seq@number=\count160

(/usr/local/texlive/2012/texmf-dist/tex/latex/oberdiek/rerunfilecheck.sty
Package: rerunfilecheck 2011/04/15 v1.7 Rerun checks for auxiliary files (HO)
Package rerunfilecheck Info: Feature \pdfmdfivesum is not available
(rerunfilecheck)             (e.g. pdfTeX or LuaTeX with package `pdftexcmds').

(rerunfilecheck)             Therefore file contents cannot be checked efficien
tly
(rerunfilecheck)             and the loading of the package is aborted.
)
\Hy@SectionHShift=\skip64
)
(/usr/local/texlive/2012/texmf-dist/tex/latex/listings/listings.sty
\lst@mode=\count161
\lst@gtempboxa=\box46
\lst@token=\toks27
\lst@length=\count162
\lst@currlwidth=\dimen126
\lst@column=\count163
\lst@pos=\count164
\lst@lostspace=\dimen127
\lst@width=\dimen128
\lst@newlines=\count165
\lst@lineno=\count166
\lst@maxwidth=\dimen129

(/usr/local/texlive/2012/texmf-dist/tex/latex/listings/lstmisc.sty
File: lstmisc.sty 2007/02/22 1.4 (Carsten Heinz)
\c@lstnumber=\count167
\lst@skipnumbers=\count168
\lst@framebox=\box47
)
(/usr/local/texlive/2012/texmf-dist/tex/latex/listings/listings.cfg
File: listings.cfg 2007/02/22 1.4 listings configuration
))
Package: listings 2007/02/22 1.4 (Carsten Heinz)

(/usr/local/texlive/2012/texmf-dist/tex/latex/oberdiek/pdflscape.sty
Package: pdflscape 2008/08/11 v0.10 Display of landscape pages in PDF (HO)

(/usr/local/texlive/2012/texmf-dist/tex/latex/graphics/lscape.sty
Package: lscape 2000/10/22 v3.01 Landscape Pages (DPC)
)
Package pdflscape Info: Auto-detected driver: dvipdfm (xetex) on input line 98.

)
(/usr/local/texlive/2012/texmf-dist/tex/latex/amsmath/amsmath.sty
Package: amsmath 2000/07/18 v2.13 AMS math features
\@mathmargin=\skip65

For additional information on amsmath, use the `?' option.
(/usr/local/texlive/2012/texmf-dist/tex/latex/amsmath/amstext.sty
Package: amstext 2000/06/29 v2.01

(/usr/local/texlive/2012/texmf-dist/tex/latex/amsmath/amsgen.sty
File: amsgen.sty 1999/11/30 v2.0
\@emptytoks=\toks28
\ex@=\dimen130
))
(/usr/local/texlive/2012/texmf-dist/tex/latex/amsmath/amsbsy.sty
Package: amsbsy 1999/11/29 v1.2d
\pmbraise@=\dimen131
)
(/usr/local/texlive/2012/texmf-dist/tex/latex/amsmath/amsopn.sty
Package: amsopn 1999/12/14 v2.01 operator names
)
\inf@bad=\count169
LaTeX Info: Redefining \frac on input line 211.
\uproot@=\count170
\leftroot@=\count171
LaTeX Info: Redefining \overline on input line 307.
\classnum@=\count172
\DOTSCASE@=\count173
LaTeX Info: Redefining \ldots on input line 379.
LaTeX Info: Redefining \dots on input line 382.
LaTeX Info: Redefining \cdots on input line 467.
\Mathstrutbox@=\box48
\strutbox@=\box49
\big@size=\dimen132
LaTeX Font Info:    Redeclaring font encoding OML on input line 567.
LaTeX Font Info:    Redeclaring font encoding OMS on input line 568.
\macc@depth=\count174
\c@MaxMatrixCols=\count175
\dotsspace@=\muskip11
\c@parentequation=\count176
\dspbrk@lvl=\count177
\tag@help=\toks29
\row@=\count178
\column@=\count179
\maxfields@=\count180
\andhelp@=\toks30
\eqnshift@=\dimen133
\alignsep@=\dimen134
\tagshift@=\dimen135
\tagwidth@=\dimen136
\totwidth@=\dimen137
\lineht@=\dimen138
\@envbody=\toks31
\multlinegap=\skip66
\multlinetaggap=\skip67
\mathdisplay@stack=\toks32
LaTeX Info: Redefining \[ on input line 2666.
LaTeX Info: Redefining \] on input line 2667.
)
\csm@temp@endhead=\box50

(/usr/local/texlive/2012/texmf-dist/tex/latex/subfig/subfig.sty
Package: subfig 2005/06/28 ver: 1.3 subfig package

(/usr/local/texlive/2012/texmf-dist/tex/latex/caption/caption.sty
Package: caption 2012/02/19 v3.2f Customizing captions (AR)

(/usr/local/texlive/2012/texmf-dist/tex/latex/caption/caption3.sty
Package: caption3 2012/01/12 v1.4b caption3 kernel (AR)
\captionmargin=\dimen139
\captionmargin@=\dimen140
\captionwidth=\dimen141
\caption@indent=\dimen142
\caption@parindent=\dimen143
\caption@hangindent=\dimen144
)
\c@ContinuedFloat=\count181
Package caption Info: float package is loaded.
Package caption Info: hyperref package is loaded.
Package caption Info: listings package is loaded.
Package caption Info: longtable package is loaded.

(/usr/local/texlive/2012/texmf-dist/tex/latex/caption/ltcaption.sty
Package: ltcaption 2011/09/12 v1.3 longtable captions (AR)
)
Package caption Info: rotating package is loaded.
)
\c@KVtest=\count182
\sf@farskip=\skip68
\sf@captopadj=\dimen145
\sf@capskip=\skip69
\sf@nearskip=\skip70
\c@subfigure=\count183
\c@subfigure@save=\count184
\c@lofdepth=\count185
\c@subtable=\count186
\c@subtable@save=\count187
\c@lotdepth=\count188
\sf@top=\skip71
\sf@bottom=\skip72
)
(./MainThesis.aux (./ch1Introduction.aux) (./ch2Datasets.aux) (./ch3Models.aux

LaTeX Warning: Label `eq:sarima' multiply defined.

) (./ch4Ensemble.aux) (./ch5ImprovedEnsemble.aux) (./ch6Conclusion.aux)
\csm@redefined@appendix@saved=\count189
\csm@appendicies=\count190
)
\openout1 = `MainThesis.aux'.

LaTeX Font Info:    Checking defaults for OML/cmm/m/it on input line 49.
LaTeX Font Info:    ... okay on input line 49.
LaTeX Font Info:    Checking defaults for T1/cmr/m/n on input line 49.
LaTeX Font Info:    ... okay on input line 49.
LaTeX Font Info:    Checking defaults for OT1/cmr/m/n on input line 49.
LaTeX Font Info:    ... okay on input line 49.
LaTeX Font Info:    Checking defaults for OMS/cmsy/m/n on input line 49.
LaTeX Font Info:    ... okay on input line 49.
LaTeX Font Info:    Checking defaults for OMX/cmex/m/n on input line 49.
LaTeX Font Info:    ... okay on input line 49.
LaTeX Font Info:    Checking defaults for U/cmr/m/n on input line 49.
LaTeX Font Info:    ... okay on input line 49.
LaTeX Font Info:    Checking defaults for PD1/pdf/m/n on input line 49.
LaTeX Font Info:    ... okay on input line 49.
LaTeX Font Info:    Checking defaults for PU/pdf/m/n on input line 49.
LaTeX Font Info:    ... okay on input line 49.

(./MainThesis.lot) (./MainThesis.lof)
*geometry* driver: auto-detecting
*geometry* detected driver: xetex
*geometry* verbose mode - [ preamble ] result:
* driver: xetex
* paper: letterpaper
* layout: <same size as paper>
* layoutoffset:(h,v)=(0.0pt,0.0pt)
* modes: 
* h-part:(L,W,R)=(72.26999pt, 469.75502pt, 72.26999pt)
* v-part:(T,H,B)=(72.26999pt, 650.43001pt, 72.26999pt)
* \paperwidth=614.295pt
* \paperheight=794.96999pt
* \textwidth=469.75502pt
* \textheight=650.43001pt
* \oddsidemargin=0.0pt
* \evensidemargin=0.0pt
* \topmargin=0.0pt
* \headheight=0.0pt
* \headsep=0.0pt
* \topskip=12.0pt
* \footskip=36.135pt
* \marginparwidth=44.0pt
* \marginparsep=10.0pt
* \columnsep=10.0pt
* \skip\footins=10.8pt plus 4.0pt minus 2.0pt
* \hoffset=0.0pt
* \voffset=0.0pt
* \mag=1000
* \@twocolumnfalse
* \@twosidefalse
* \@mparswitchfalse
* \@reversemarginfalse
* (1in=72.27pt=25.4mm, 1cm=28.453pt)

\AtBeginShipoutBox=\box51
Package hyperref Info: Link coloring OFF on input line 49.
(/usr/local/texlive/2012/texmf-dist/tex/latex/hyperref/nameref.sty
Package: nameref 2010/04/30 v2.40 Cross-referencing by name of section

(/usr/local/texlive/2012/texmf-dist/tex/generic/oberdiek/gettitlestring.sty
Package: gettitlestring 2010/12/03 v1.4 Cleanup title references (HO)
)
\c@section@level=\count191
)
LaTeX Info: Redefining \ref on input line 49.
LaTeX Info: Redefining \pageref on input line 49.
LaTeX Info: Redefining \nameref on input line 49.

(./MainThesis.out) (./MainThesis.out)
\@outlinefile=\write3
\openout3 = `MainThesis.out'.


(/usr/local/texlive/2012/texmf-dist/tex/generic/oberdiek/se-ascii-print.def
File: se-ascii-print.def 2011/12/02 v1.10 stringenc: Printable ASCII characters

)
\c@lstlisting=\count192
Package caption Info: Begin \AtBeginDocument code.
Package caption Info: subfig package v1.3 is loaded.
Package caption Info: End \AtBeginDocument code.

[1

]
LaTeX Font Info:    Try loading font information for OMS+cmr on input line 59.
 (/usr/local/texlive/2012/texmf-dist/tex/latex/base/omscmr.fd
File: omscmr.fd 1999/05/25 v2.5h Standard LaTeX font definitions
)
LaTeX Font Info:    Font shape `OMS/cmr/bx/n' in size <12> not available
(Font)              Font shape `OMS/cmsy/b/n' tried instead on input line 59.
 [2] [2]
[3] (./MainThesis.toc [4] [5])
\tf@toc=\write4
\openout4 = `MainThesis.toc'.

 [6] (./MainThesis.lof)
\tf@lof=\write5
\openout5 = `MainThesis.lof'.

 [7] [8] [9]
(./MainThesis.lot)
\tf@lot=\write6
\openout6 = `MainThesis.lot'.

 [10] (./MainThesis.loa)
\tf@loa=\write7
\openout7 = `MainThesis.loa'.


Overfull \hbox (250.8437pt too wide) in paragraph at lines 91--91
[][][]\OT1/cmr/m/n/12 Algorithm
 []

[11] [12] [13]
\openout2 = `ch1Introduction.aux'.

 (./ch1Introduction.tex [1


] [2] [3]
File: ./images/broncos_off4.png Graphic file (type QTm)

<use  "./images/broncos_off4.png" >
File: ./images/broncos4.png Graphic file (type QTm)
 <use  "./images/broncos4.png" > [4]

Package natbib Warning: Citation `2001' on page 5 undefined on input line 69.

File: ./images/flow_chart.png Graphic file (type QTm)
<use  "./images/flow_chart.png" > [5]
LaTeX Font Info:    Font shape `OMS/cmr/m/n' in size <12> not available
(Font)              Font shape `OMS/cmsy/m/n' tried instead on input line 98.
) [6]
\openout2 = `ch2Datasets.aux'.

 (./ch2Datasets.tex [7



] [8]
File: ./images/pir_sensor.png Graphic file (type QTm)

<use  "./images/pir_sensor.png" >
File: ./images/merl_floorplan.png Graphic file (type QTm)
 <use  "./images/merl_floorplan.png" >
File: ./images/merl_map.png Graphic file (type QTm)

<use  "./images/merl_map.png" > [9]

LaTeX Warning: Reference `fig:merl_day_raw' on page 10 undefined on input line 
59.

File: ./images/merl_aggregate.png Graphic file (type QTm)
<use  "./images/merl_aggregate.png" >
File: ./images/merl_oneDay.png Graphic file (type QTm)
 <use  "./images/merl_oneDay.png" >

Package caption Warning: \label without proper \caption on input line 66.
See the caption package documentation for explanation.


LaTeX Warning: Reference `fig:merl_scaled_aggregate' on page 10 undefined on in
put line 78.


Package caption Warning: \label without proper \caption on input line 70.
See the caption package documentation for explanation.


LaTeX Warning: Reference `fig:merl_scaled_raw' on page 10 undefined on input li
ne 78.

[10]
File: ./images/brown_motes.png Graphic file (type QTm)
 <use  "./images/brown_motes.png" > [11]
File: ./images/brown_day_raw_wed.png Graphic file (type QTm)

<use  "./images/brown_day_raw_wed.png" >
File: ./images/brown_day_raw_thurs.png Graphic file (type QTm)

<use  "./images/brown_day_raw_thurs.png" >
Overfull \hbox (6.27654pt too wide) in paragraph at lines 97--101
 [][][] 
 []


LaTeX Warning: Reference `fig:csmday' on page 12 undefined on input line 110.

[12]
File: ./images/brown_aggregate.png Graphic file (type QTm)
 <use  "./images/brown_aggregate.png" >
File: ./images/brown_oneDay.png Graphic file (type QTm)

<use  "./images/brown_oneDay.png" >

Package caption Warning: \label without proper \caption on input line 117.
See the caption package documentation for explanation.


LaTeX Warning: Reference `fig:brown_scaled_aggregate' on page 13 undefined on i
nput line 127.


Package caption Warning: \label without proper \caption on input line 121.
See the caption package documentation for explanation.


LaTeX Warning: Reference `fig:brown_scaled_raw' on page 13 undefined on input l
ine 127.

File: ./images/denver_sensors.png Graphic file (type QTm)
<use  "./images/denver_sensors.png" > [13]
File: ./images/denver_day_raw_sun.png Graphic file (type QTm)

<use  "./images/denver_day_raw_sun.png" >
File: ./images/denver_day_raw_mon.png Graphic file (type QTm)

<use  "./images/denver_day_raw_mon.png" >
Overfull \hbox (6.27654pt too wide) in paragraph at lines 149--153
 [][][] 
 []


LaTeX Warning: `h' float specifier changed to `ht'.

File: ./images/denver_aggregate.png Graphic file (type QTm)
<use  "./images/denver_aggregate.png" >
File: ./images/denver_oneDay.png Graphic file (type QTm)
 <use  "./images/denver_oneDay.png" >

LaTeX Warning: `h' float specifier changed to `ht'.


Package caption Warning: \label without proper \caption on input line 165.
See the caption package documentation for explanation.


LaTeX Warning: Reference `fig:denver_scaled_aggregate' on page 14 undefined on 
input line 175.


Package caption Warning: \label without proper \caption on input line 169.
See the caption package documentation for explanation.


LaTeX Warning: Reference `fig:denver_scaled_raw' on page 14 undefined on input 
line 175.

[14]
Underfull \hbox (badness 10000) in paragraph at lines 179--182

 []


LaTeX Warning: Reference `kamarianakis2003' on page 15 undefined on input line 
185.

[15]
Underfull \hbox (badness 10000) in paragraph at lines 187--188

 []

[16]) [17]
\openout2 = `ch3Models.aux'.

 (./ch3Models.tex [18



] [19] [20]
File: ./images/demonstration_RMSEONAN.png Graphic file (type QTm)

<use  "./images/demonstration_RMSEONAN.png" > [21] [22]

LaTeX Warning: Reference `fig:raw_data' on page 23 undefined on input line 124.


File: ./images/lag_counts.png Graphic file (type QTm)
<use  "./images/lag_counts.png" >
File: ./images/acf_lag.png Graphic file (type QTm)
 <use  "./images/acf_lag.png" > [23]
File: ./images/broncos_predicted.png Graphic file (type QTm)

<use  "./images/broncos_predicted.png" >

LaTeX Warning: `h' float specifier changed to `ht'.


LaTeX Warning: Reference `fig:broncos_residual' on page 24 undefined on input l
ine 156.

[24]
File: ./images/time_delay_neural_network.png Graphic file (type QTm)
 <use  "./images/time_delay_neural_network.png" >

LaTeX Warning: `h' float specifier changed to `ht'.


LaTeX Warning: `h' float specifier changed to `ht'.

[25] [26]) [27]
\openout2 = `ch4Ensemble.aux'.

 (./ch4Ensemble.tex [28



]
File: ./images/svm_standard_deviations_vs_horizon.png Graphic file (type QTm)

<use  "./images/svm_standard_deviations_vs_horizon.png" > [29]
File: ./images/posterior_probs.png Graphic file (type QTm)

<use  "./images/posterior_probs.png" > [30]

Package hyperref Warning: Token not allowed in a PDF string (Unicode):
(hyperref)                removing `math shift' on input line 81.


Package hyperref Warning: Token not allowed in a PDF string (Unicode):
(hyperref)                removing `\delta' on input line 81.


Package hyperref Warning: Token not allowed in a PDF string (Unicode):
(hyperref)                removing `math shift' on input line 81.

[31] [32]
File: ./images/real_forecasts_bcf.png Graphic file (type QTm)
 <use  "./images/real_forecasts_bcf.png" >

LaTeX Warning: `h' float specifier changed to `ht'.

[33]
File: ./images/real_forecasts_bcf_svm.png Graphic file (type QTm)
 <use  "./images/real_forecasts_bcf_svm.png" >

LaTeX Warning: `h' float specifier changed to `ht'.

[34] [35]
File: ./images/brown_rmse.png Graphic file (type QTm)
 <use  "./images/brown_rmse.png" >
File: ./images/merl_rmse.png Graphic file (type QTm)
 <use  "./images/merl_rmse.png" >
Overfull \hbox (6.27654pt too wide) in paragraph at lines 163--169
 [][][] 
 []

) [36]
\openout2 = `ch5ImprovedEnsemble.aux'.

 (./ch5ImprovedEnsemble.tex

LaTeX Warning: No positions in optional float specifier.
               Default added (so using `htbp') on input line 8.

File: ./images/sample_residual_event_804.png Graphic file (type QTm)
<use  "./images/sample_residual_event_804.png" >
File: ./images/sample_residual_event_6024.png Graphic file (type QTm)

<use  "./images/sample_residual_event_6024.png" >
Overfull \hbox (6.27654pt too wide) in paragraph at lines 12--16
 [][][] 
 []

[37



]
File: ./images/denver_bcf_residual_15.png Graphic file (type QTm)
 <use  "./images/denver_bcf_residual_15.png" >
File: ./images/denver_bcf_residual_26.png Graphic file (type QTm)

<use  "./images/denver_bcf_residual_26.png" >
Overfull \hbox (6.27654pt too wide) in paragraph at lines 29--32
 [][][] 
 []

File: ./images/denver_bcf_residual_32.png Graphic file (type QTm)
<use  "./images/denver_bcf_residual_32.png" >
File: ./images/denver_bcf_residual_38.png Graphic file (type QTm)

<use  "./images/denver_bcf_residual_38.png" >
Overfull \hbox (6.27654pt too wide) in paragraph at lines 35--39
 [][][][] 
 []


Overfull \hbox (16.41585pt too wide) in paragraph at lines 47--47
[]\OT1/cmr/bx/n/12 Bayesian Com-bined Fore-cast-ing with Ac-tiv-ity and Anomaly
 Mod-el-ing (ABCF) 
 []

[38] [39] [40] [41] [42] [43]

LaTeX Warning: No positions in optional float specifier.
               Default added (so using `htbp') on input line 101.

File: ./images/slide_window_1.png Graphic file (type QTm)
<use  "./images/slide_window_1.png" >
File: ./images/slide_window_2.png Graphic file (type QTm)
 <use  "./images/slide_window_2.png" >
Overfull \hbox (15.66649pt too wide) in paragraph at lines 105--109
 [][][] 
 []

Package hyperref Info: bookmark level for unknown algorithm defaults to 0 on in
put line 120.
File: ./images/arima_abcf_extracted_residuals_Merl.png Graphic file (type QTm)
<use  "./images/arima_abcf_extracted_residuals_Merl.png" > [44] [45] [46]
File: ./images/merl_sample_clusters_svm.png Graphic file (type QTm)

<use  "./images/merl_sample_clusters_svm.png" > [47]
File: ./images/brown_sample_clusters_arima.png Graphic file (type QTm)

<use  "./images/brown_sample_clusters_arima.png" >
File: ./images/denver_sample_clusters_tdnn.png Graphic file (type QTm)

<use  "./images/denver_sample_clusters_tdnn.png" > [48] [49]
File: ./images/sample_residual_plot_dataset_Denver.png Graphic file (type QTm)

<use  "./images/sample_residual_plot_dataset_Denver.png" >
File: ./images/sqe_merl_avg.png Graphic file (type QTm)

<use  "./images/sqe_merl_avg.png" >
File: ./images/sqe_merl_svm.png Graphic file (type QTm)
 <use  "./images/sqe_merl_svm.png" >
Overfull \hbox (6.27654pt too wide) in paragraph at lines 300--303
 [][][] 
 []

File: ./images/sqe_merl_arima.png Graphic file (type QTm)
<use  "./images/sqe_merl_arima.png" >
File: ./images/sqe_merl_tdnn.png Graphic file (type QTm)
 <use  "./images/sqe_merl_tdnn.png" >
Overfull \hbox (6.27654pt too wide) in paragraph at lines 306--310
 [][][][] 
 []

File: ./images/sqe_brown_avg.png Graphic file (type QTm)
<use  "./images/sqe_brown_avg.png" >
File: ./images/sqe_brown_svm.png Graphic file (type QTm)
 <use  "./images/sqe_brown_svm.png" >
Overfull \hbox (6.27654pt too wide) in paragraph at lines 322--325
 [][][] 
 []

File: ./images/sqe_brown_arima.png Graphic file (type QTm)
<use  "./images/sqe_brown_arima.png" >
File: ./images/sqe_brown_tdnn.png Graphic file (type QTm)
 <use  "./images/sqe_brown_tdnn.png" >
Overfull \hbox (6.27654pt too wide) in paragraph at lines 328--332
 [][][][] 
 []

[50]
File: ./images/sqe_denver_avg.png Graphic file (type QTm)
 <use  "./images/sqe_denver_avg.png" >
File: ./images/sqe_denver_svm.png Graphic file (type QTm)

<use  "./images/sqe_denver_svm.png" >
Overfull \hbox (6.27654pt too wide) in paragraph at lines 344--347
 [][][] 
 []

File: ./images/sqe_denver_arima.png Graphic file (type QTm)
<use  "./images/sqe_denver_arima.png" >
File: ./images/sqe_denver_tdnn.png Graphic file (type QTm)
 <use  "./images/sqe_denver_tdnn.png" >
Overfull \hbox (6.27654pt too wide) in paragraph at lines 350--354
 [][][][] 
 []

) [51] [52] [53] [54]
\openout2 = `ch6Conclusion.aux'.

 (./ch6Conclusion.tex) [55



] (./MainThesis.bbl [56


]
Underfull \hbox (badness 10000) in paragraph at lines 91--97
\OT1/cmtt/m/n/12 Search&q = intitle : A + Sensor-[]Utility-[]Network + Method +
 for + Estimation + of +
 []

[57] [58] [59] [60]
Underfull \hbox (badness 5161) in paragraph at lines 433--438
[]\OT1/cmr/m/n/12 Mitja Lu^^Tstrek and Bo^^Tstjan Kalu^^Tza.  Fall de-tec-tion 
and ac-tiv-ity recog-ni-
 []


Underfull \hbox (badness 1668) in paragraph at lines 433--438
\OT1/cmr/m/n/12 tion with ma-chine learn-ing.  \OT1/cmr/m/it/12 In-for-mat-ica\
OT1/cmr/m/n/12 , 33(2):205--212, 2009.  URL []$\OT1/cmtt/m/n/12 http :
 []


Underfull \hbox (badness 10000) in paragraph at lines 433--438
\OT1/cmtt/m/n/12 / / dis . ijs . si / mitjal / documents / Fall _ detection _ a
nd _ activity _ recognition _
 []

[61]
Underfull \hbox (badness 10000) in paragraph at lines 495--504
\OT1/cmtt/m/n/12 wrapper . htm ? arnumber = 757481http : / / www . computer . o
rg / portal / web / csdl / doi /
 []

) [62]

Package natbib Warning: There were undefined citations.

Package atveryend Info: Empty hook `BeforeClearDocument' on input line 150.
Package atveryend Info: Empty hook `AfterLastShipout' on input line 150.
(./MainThesis.aux (./ch1Introduction.aux) (./ch2Datasets.aux) (./ch3Models.aux)
(./ch4Ensemble.aux) (./ch5ImprovedEnsemble.aux) (./ch6Conclusion.aux)
\csm@redefined@appendix@saved=\count193
\csm@appendicies=\count194
)
Package atveryend Info: Empty hook `AtVeryEndDocument' on input line 150.
Package atveryend Info: Empty hook `AtEndAfterFileList' on input line 150.


LaTeX Warning: There were undefined references.


LaTeX Warning: There were multiply-defined labels.

Package atveryend Info: Empty hook `AtVeryVeryEnd' on input line 150.
 ) 
Here is how much of TeX's memory you used:
 12167 strings out of 494004
 182152 string characters out of 3150890
 290760 words of memory out of 3000000
 15179 multiletter control sequences out of 15000+200000
 8749 words of font info for 32 fonts, out of 3000000 for 9000
 1144 hyphenation exceptions out of 8191
 94i,10n,373p,1216b,578s stack positions out of 5000i,500n,10000p,200000b,50000s

Output written on MainThesis.pdf (76 pages).
