\BOOKMARK [1][-]{section*.1}{Abstract}{}% 1
\BOOKMARK [1][-]{toc.1}{Table\040of\040Contents}{}% 2
\BOOKMARK [1][-]{section*.2}{List\040of\040Figures}{}% 3
\BOOKMARK [1][-]{section*.3}{List\040of\040Tables}{}% 4
\BOOKMARK [1][-]{section*.4}{List\040of\040Abbreviations}{}% 5
\BOOKMARK [1][-]{section*.5}{Acknowledgments}{}% 6
\BOOKMARK [1][-]{section*.6}{Dedication}{}% 7
\BOOKMARK [1][-]{section*.7}{Introduction}{}% 8
\BOOKMARK [2][-]{subsection.1.1}{Problem\040and\040Objective}{section*.7}% 9
\BOOKMARK [3][-]{subsubsection.1.1.1}{A\040motivating\040example}{subsection.1.1}% 10
\BOOKMARK [2][-]{subsection.1.2}{Approach}{section*.7}% 11
\BOOKMARK [2][-]{subsection.1.3}{Contributions}{section*.7}% 12
\BOOKMARK [2][-]{subsection.1.4}{Structure\040of\040the\040Proposal}{section*.7}% 13
\BOOKMARK [1][-]{section*.10}{Datasets\040and\040Performance\040Metrics}{}% 14
\BOOKMARK [2][-]{subsection.2.1}{Building\040Datasets}{section*.10}% 15
\BOOKMARK [3][-]{subsubsection.2.1.1}{MERL\040Dataset}{subsection.2.1}% 16
\BOOKMARK [3][-]{subsubsection.2.1.2}{Colorado\040School\040of\040Mines\040Dataset}{subsection.2.1}% 17
\BOOKMARK [2][-]{subsection.2.2}{Denver\040traffic\040dataset}{section*.10}% 18
\BOOKMARK [2][-]{subsection.2.3}{Dataset\040Variation}{section*.10}% 19
\BOOKMARK [2][-]{subsection.2.4}{Notation}{section*.10}% 20
\BOOKMARK [2][-]{subsection.2.5}{Forecast\040measurements}{section*.10}% 21
\BOOKMARK [1][-]{section*.14}{Models}{}% 22
\BOOKMARK [2][-]{subsection.3.1}{Seasonal\040ARIMA\040model}{section*.14}% 23
\BOOKMARK [3][-]{subsubsection.3.1.1}{Fitting\040a\040Seasonal\040ARIMA}{subsection.3.1}% 24
\BOOKMARK [2][-]{subsection.3.2}{Historic\040average}{section*.14}% 25
\BOOKMARK [2][-]{subsection.3.3}{Time\040delayed\040neural\040networks}{section*.14}% 26
\BOOKMARK [2][-]{subsection.3.4}{Support\040Vector\040Regression}{section*.14}% 27
\BOOKMARK [1][-]{section*.21}{ENSEMBLE\040APPROACH}{}% 28
\BOOKMARK [2][-]{subsection.4.1}{Bayesian\040Combined\040Forecasting}{section*.21}% 29
\BOOKMARK [2][-]{subsection.4.2}{Notation}{section*.21}% 30
\BOOKMARK [2][-]{subsection.4.3}{Bayesian\040Combined\040Forecasting\040Derivation}{section*.21}% 31
\BOOKMARK [2][-]{subsection.4.4}{BCF\040Modifications}{section*.21}% 32
\BOOKMARK [3][-]{subsubsection.4.4.1}{Forecast\040\040time\040steps\040into\040the\040future}{subsection.4.4}% 33
\BOOKMARK [3][-]{subsubsection.4.4.2}{Improving\040model\040error\040distributions}{subsection.4.4}% 34
\BOOKMARK [3][-]{subsubsection.4.4.3}{Model\040selection\040thresholding}{subsection.4.4}% 35
\BOOKMARK [2][-]{subsection.4.5}{Results\040of\040Ensemble}{section*.21}% 36
\BOOKMARK [1][-]{section*.28}{Improved\040Ensemble}{}% 37
\BOOKMARK [2][-]{subsection.5.1}{Activity\040recog}{section*.28}% 38
\BOOKMARK [2][-]{subsection.5.2}{HMM\040vs\040TSMG}{section*.28}% 39
\BOOKMARK [2][-]{subsection.5.3}{TSMG\040derivation}{section*.28}% 40
\BOOKMARK [2][-]{subsection.5.4}{Clustering\040activities}{section*.28}% 41
\BOOKMARK [2][-]{subsection.5.5}{FINDING\040POTENTIAL\040DATAPOINTS}{section*.28}% 42
\BOOKMARK [2][-]{subsection.5.6}{HMM\040Clusters}{section*.28}% 43
\BOOKMARK [2][-]{subsection.5.7}{On\040the\040limitations\040of\040BCF}{section*.28}% 44
\BOOKMARK [2][-]{subsection.5.8}{Improved\040Ensemble\040Derivation}{section*.28}% 45
\BOOKMARK [2][-]{subsection.5.9}{RESULTS\040ON\040Improved\040Ensemble\040Derivation}{section*.28}% 46
\BOOKMARK [1][-]{section*.29}{conclusion}{}% 47
\BOOKMARK [1][-]{section*.30}{References\040Cited}{}% 48
