\BOOKMARK [1][-]{section*.1}{Abstract}{}% 1
\BOOKMARK [1][-]{toc.1}{Table\040of\040Contents}{}% 2
\BOOKMARK [1][-]{section*.2}{List\040of\040Figures}{}% 3
\BOOKMARK [1][-]{section*.3}{List\040of\040Tables}{}% 4
\BOOKMARK [1][-]{section*.4}{List\040of\040Symbols}{}% 5
\BOOKMARK [1][-]{section*.5}{List\040of\040Abbreviations}{}% 6
\BOOKMARK [1][-]{section*.6}{Acknowledgments}{}% 7
\BOOKMARK [1][-]{section*.7}{Dedication}{}% 8
\BOOKMARK [1][-]{section*.8}{Introduction}{}% 9
\BOOKMARK [2][-]{subsection.1.1}{Objective\040and\040Approach}{section*.8}% 10
\BOOKMARK [2][-]{subsection.1.2}{Example\040Activity}{section*.8}% 11
\BOOKMARK [2][-]{subsection.1.3}{Contributions}{section*.8}% 12
\BOOKMARK [2][-]{subsection.1.4}{Structure\040of\040the\040Proposal}{section*.8}% 13
\BOOKMARK [1][-]{section*.10}{In\040the\040Beginning}{}% 14
\BOOKMARK [2][-]{subsection.2.1}{A\040Subsection}{section*.10}% 15
\BOOKMARK [2][-]{subsection.2.2}{AA\040Subsection}{section*.10}% 16
\BOOKMARK [3][-]{subsubsection.2.2.1}{Transport\040of\040U\040Through\040Porous\040Media:\040General\040Elution\040Procedures}{subsection.2.2}% 17
\BOOKMARK [3][-]{subsubsection.2.2.2}{aa\040Subsection}{subsection.2.2}% 18
\BOOKMARK [2][-]{subsection.2.3}{AAA\040Subsection}{section*.10}% 19
\BOOKMARK [2][-]{subsection.2.4}{AAAA\040Subsection}{section*.10}% 20
\BOOKMARK [1][-]{section*.12}{Subdocument\040Test}{}% 21
\BOOKMARK [1][-]{section*.13}{Second\040Generation\040Chapter}{}% 22
\BOOKMARK [2][-]{subsection.4.1}{Lots\040of\040Mistakes\040Originally}{section*.13}% 23
\BOOKMARK [2][-]{subsection.4.2}{Figured\040out\040How\040to\040Fix\040Things}{section*.13}% 24
\BOOKMARK [2][-]{subsection.4.3}{Could\040Still\040Be\040Better}{section*.13}% 25
\BOOKMARK [2][-]{subsection.4.4}{Testing\040Procedure}{section*.13}% 26
\BOOKMARK [2][-]{subsection.4.5}{Final\040Results}{section*.13}% 27
\BOOKMARK [1][-]{section*.16}{The\040Way\040Ahead}{}% 28
\BOOKMARK [2][-]{subsection.5.1}{How\040Things\040Could\040Be\040Better}{section*.16}% 29
\BOOKMARK [2][-]{subsection.5.2}{Why\040We\040Think\040Things\040Aren't\040Better}{section*.16}% 30
\BOOKMARK [2][-]{subsection.5.3}{We\040Love\040Our\040Advisors}{section*.16}% 31
\BOOKMARK [1][-]{section*.18}{Magical\040Encoding\040Awesomeness}{}% 32
\BOOKMARK [2][-]{subsection.A.1}{Test\040Appendix\040Sub-Section}{section*.18}% 33
\BOOKMARK [2][-]{subsection.A.2}{Sub-Sections\040are\040Fun}{section*.18}% 34
\BOOKMARK [1][-]{section*.20}{Special\040Coolness}{}% 35
